<?xml version="1.0" encoding="utf-8"?><testsuites name="pytest tests"><testsuite name="pytest" errors="0" failures="0" skipped="1" tests="10" time="0.451" timestamp="2026-01-20T19:34:34.329631+00:00" hostname="agent-env-58c60965-59e4-4fc5-b3f4-e1a25b0a5d9b"><testcase classname="tests.test_republish_headers.TestMarketplaceConfig" name="test_marketplace_config_has_language_key" time="0.000" /><testcase classname="tests.test_republish_headers.TestMarketplaceConfig" name="test_marketplace_config_no_content_language_key" time="0.000" /><testcase classname="tests.test_republish_headers.TestRepublishCodeReview" name="test_republish_uses_correct_language_key" time="0.001" /><testcase classname="tests.test_republish_headers.TestRepublishCodeReview" name="test_republish_has_content_language_in_publish_headers" time="0.001" /><testcase classname="tests.test_republish_headers.TestAPIEndpoints" name="test_health_endpoint" time="0.095" /><testcase classname="tests.test_republish_headers.TestAPIEndpoints" name="test_auth_login" time="0.081" /><testcase classname="tests.test_republish_headers.TestAPIEndpoints" name="test_drafts_list" time="0.049" /><testcase classname="tests.test_republish_headers.TestAPIEndpoints" name="test_republish_endpoint_exists" time="0.047" /><testcase classname="tests.test_republish_headers.TestRepublishWithPublishedDraft" name="test_find_published_drafts" time="0.088" /><testcase classname="tests.test_republish_headers.TestRepublishWithPublishedDraft" name="test_republish_requires_published_status" time="0.042"><skipped type="pytest.skip" message="All drafts are published - cannot test non-published error">/app/tests/test_republish_headers.py:220: All drafts are published - cannot test non-published error</skipped></testcase></testsuite></testsuites>