<?xml version="1.0" encoding="utf-8"?><testsuites name="pytest tests"><testsuite name="pytest" errors="0" failures="0" skipped="0" tests="12" time="13.029" timestamp="2026-01-16T17:45:07.049417+00:00" hostname="agent-env-2387e0a7-c4b2-4431-86bc-bd6bb2666b7f"><testcase classname="tests.test_vintage_skate_api.TestAuth" name="test_login_success" time="0.080" /><testcase classname="tests.test_vintage_skate_api.TestAuth" name="test_login_invalid_password" time="0.038" /><testcase classname="tests.test_vintage_skate_api.TestDraftCreation" name="test_create_draft_default_condition_new" time="0.164" /><testcase classname="tests.test_vintage_skate_api.TestDraftCreation" name="test_create_draft_all_item_types" time="0.460" /><testcase classname="tests.test_vintage_skate_api.TestAutoFilledAspects" name="test_update_draft_with_auto_filled_aspects" time="0.143" /><testcase classname="tests.test_vintage_skate_api.TestAutoFilledAspects" name="test_update_title_manually_edited_flag" time="0.141" /><testcase classname="tests.test_vintage_skate_api.TestAutoFilledAspects" name="test_update_description_manually_edited_flag" time="0.140" /><testcase classname="tests.test_vintage_skate_api.TestAutofillAspectsEndpoint" name="test_autofill_aspects_no_images" time="0.170" /><testcase classname="tests.test_vintage_skate_api.TestAutofillAspectsEndpoint" name="test_autofill_aspects_endpoint_exists" time="0.146" /><testcase classname="tests.test_vintage_skate_api.TestDraftPreview" name="test_get_draft_preview" time="0.192" /><testcase classname="tests.test_vintage_skate_api.TestConditionValues" name="test_update_condition_values" time="0.319" /><testcase classname="tests.test_vintage_skate_api.TestGenerateEndpoint" name="test_generate_endpoint_exists" time="10.924" /></testsuite></testsuites>